Determining if the pthread_create exist failed with the following output:
Change Dir: /home/sebastien/Documents/rocket-code-2020/sbgECom/projects/unix/CMakeFiles/CMakeTmp

Run Build Command:"/usr/bin/make" "cmTC_7acd6/fast"
/usr/bin/make -f CMakeFiles/cmTC_7acd6.dir/build.make CMakeFiles/cmTC_7acd6.dir/build
make[1]: Entering directory '/home/sebastien/Documents/rocket-code-2020/sbgECom/projects/unix/CMakeFiles/CMakeTmp'
Building C object CMakeFiles/cmTC_7acd6.dir/CheckSymbolExists.c.o
/usr/bin/gcc    -o CMakeFiles/cmTC_7acd6.dir/CheckSymbolExists.c.o   -c /home/sebastien/Documents/rocket-code-2020/sbgECom/projects/unix/CMakeFiles/CMakeTmp/CheckSymbolExists.c
Linking C executable cmTC_7acd6
/usr/bin/cmake -E cmake_link_script CMakeFiles/cmTC_7acd6.dir/link.txt --verbose=1
/usr/bin/gcc      -rdynamic CMakeFiles/cmTC_7acd6.dir/CheckSymbolExists.c.o  -o cmTC_7acd6 
CMakeFiles/cmTC_7acd6.dir/CheckSymbolExists.c.o: In function `main':
CheckSymbolExists.c:(.text+0x1b): undefined reference to `pthread_create'
collect2: error: ld returned 1 exit status
CMakeFiles/cmTC_7acd6.dir/build.make:97: recipe for target 'cmTC_7acd6' failed
make[1]: *** [cmTC_7acd6] Error 1
make[1]: Leaving directory '/home/sebastien/Documents/rocket-code-2020/sbgECom/projects/unix/CMakeFiles/CMakeTmp'
Makefile:126: recipe for target 'cmTC_7acd6/fast' failed
make: *** [cmTC_7acd6/fast] Error 2

File /home/sebastien/Documents/rocket-code-2020/sbgECom/projects/unix/CMakeFiles/CMakeTmp/CheckSymbolExists.c:
/* */
#include <pthread.h>

int main(int argc, char** argv)
{
  (void)argv;
#ifndef pthread_create
  return ((int*)(&pthread_create))[argc];
#else
  (void)argc;
  return 0;
#endif
}

Determining if the function pthread_create exists in the pthreads failed with the following output:
Change Dir: /home/sebastien/Documents/rocket-code-2020/sbgECom/projects/unix/CMakeFiles/CMakeTmp

Run Build Command:"/usr/bin/make" "cmTC_7020d/fast"
/usr/bin/make -f CMakeFiles/cmTC_7020d.dir/build.make CMakeFiles/cmTC_7020d.dir/build
make[1]: Entering directory '/home/sebastien/Documents/rocket-code-2020/sbgECom/projects/unix/CMakeFiles/CMakeTmp'
Building C object CMakeFiles/cmTC_7020d.dir/CheckFunctionExists.c.o
/usr/bin/gcc   -DCHECK_FUNCTION_EXISTS=pthread_create   -o CMakeFiles/cmTC_7020d.dir/CheckFunctionExists.c.o   -c /usr/share/cmake-3.10/Modules/CheckFunctionExists.c
Linking C executable cmTC_7020d
/usr/bin/cmake -E cmake_link_script CMakeFiles/cmTC_7020d.dir/link.txt --verbose=1
/usr/bin/gcc  -DCHECK_FUNCTION_EXISTS=pthread_create    -rdynamic CMakeFiles/cmTC_7020d.dir/CheckFunctionExists.c.o  -o cmTC_7020d -lpthreads 
/usr/bin/ld: cannot find -lpthreads
collect2: error: ld returned 1 exit status
CMakeFiles/cmTC_7020d.dir/build.make:97: recipe for target 'cmTC_7020d' failed
make[1]: *** [cmTC_7020d] Error 1
make[1]: Leaving directory '/home/sebastien/Documents/rocket-code-2020/sbgECom/projects/unix/CMakeFiles/CMakeTmp'
Makefile:126: recipe for target 'cmTC_7020d/fast' failed
make: *** [cmTC_7020d/fast] Error 2


